{"C:\\Users\\HP\\Desktop\\todolist-project\\modules\\addTodo.js": {"path":"C:\\Users\\HP\\Desktop\\todolist-project\\modules\\addTodo.js","statementMap":{"0":{"start":{"line":3,"column":16},"end":{"line":13,"column":1}},"1":{"start":{"line":4,"column":15},"end":{"line":10,"column":3}},"2":{"start":{"line":11,"column":2},"end":{"line":11,"column":39}},"3":{"start":{"line":12,"column":2},"end":{"line":12,"column":24}}},"fnMap":{"0":{"name":"(anonymous_0)","decl":{"start":{"line":3,"column":16},"end":{"line":3,"column":17}},"loc":{"start":{"line":3,"column":57},"end":{"line":13,"column":1}},"line":3}},"branchMap":{},"s":{"0":1,"1":10,"2":10,"3":10},"f":{"0":10},"b":{},"_coverageSchema":"1a1c01bbd47fc00a2c39e90264f33305004495a9","hash":"c52fb496a6dbb14ec24ece5e9d5a87926c9c2fc0"}
,"C:\\Users\\HP\\Desktop\\todolist-project\\modules\\create.js": {"path":"C:\\Users\\HP\\Desktop\\todolist-project\\modules\\create.js","statementMap":{"0":{"start":{"line":4,"column":19},"end":{"line":76,"column":1}},"1":{"start":{"line":5,"column":24},"end":{"line":5,"column":52}},"2":{"start":{"line":6,"column":19},"end":{"line":6,"column":49}},"3":{"start":{"line":7,"column":20},"end":{"line":7,"column":51}},"4":{"start":{"line":8,"column":19},"end":{"line":8,"column":50}},"5":{"start":{"line":9,"column":17},"end":{"line":9,"column":47}},"6":{"start":{"line":11,"column":2},"end":{"line":11,"column":35}},"7":{"start":{"line":12,"column":2},"end":{"line":12,"column":33}},"8":{"start":{"line":14,"column":2},"end":{"line":19,"column":5}},"9":{"start":{"line":15,"column":4},"end":{"line":15,"column":45}},"10":{"start":{"line":16,"column":4},"end":{"line":16,"column":38}},"11":{"start":{"line":17,"column":4},"end":{"line":17,"column":42}},"12":{"start":{"line":18,"column":4},"end":{"line":18,"column":60}},"13":{"start":{"line":21,"column":2},"end":{"line":24,"column":5}},"14":{"start":{"line":22,"column":4},"end":{"line":22,"column":36}},"15":{"start":{"line":23,"column":4},"end":{"line":23,"column":48}},"16":{"start":{"line":26,"column":2},"end":{"line":35,"column":5}},"17":{"start":{"line":27,"column":4},"end":{"line":27,"column":23}},"18":{"start":{"line":28,"column":22},"end":{"line":28,"column":58}},"19":{"start":{"line":29,"column":25},"end":{"line":29,"column":63}},"20":{"start":{"line":30,"column":4},"end":{"line":34,"column":5}},"21":{"start":{"line":31,"column":6},"end":{"line":31,"column":36}},"22":{"start":{"line":33,"column":6},"end":{"line":33,"column":51}},"23":{"start":{"line":37,"column":2},"end":{"line":37,"column":35}},"24":{"start":{"line":38,"column":2},"end":{"line":38,"column":37}},"25":{"start":{"line":39,"column":2},"end":{"line":39,"column":37}},"26":{"start":{"line":40,"column":2},"end":{"line":40,"column":37}},"27":{"start":{"line":41,"column":2},"end":{"line":41,"column":29}},"28":{"start":{"line":42,"column":2},"end":{"line":42,"column":36}},"29":{"start":{"line":43,"column":2},"end":{"line":43,"column":34}},"30":{"start":{"line":44,"column":2},"end":{"line":46,"column":5}},"31":{"start":{"line":45,"column":4},"end":{"line":45,"column":57}},"32":{"start":{"line":47,"column":2},"end":{"line":47,"column":49}},"33":{"start":{"line":48,"column":2},"end":{"line":48,"column":31}},"34":{"start":{"line":49,"column":2},"end":{"line":49,"column":78}},"35":{"start":{"line":51,"column":14},"end":{"line":51,"column":43}},"36":{"start":{"line":52,"column":2},"end":{"line":52,"column":28}},"37":{"start":{"line":53,"column":2},"end":{"line":53,"column":29}},"38":{"start":{"line":54,"column":2},"end":{"line":54,"column":31}},"39":{"start":{"line":55,"column":2},"end":{"line":55,"column":28}},"40":{"start":{"line":56,"column":2},"end":{"line":56,"column":38}},"41":{"start":{"line":57,"column":2},"end":{"line":57,"column":36}},"42":{"start":{"line":59,"column":2},"end":{"line":65,"column":5}},"43":{"start":{"line":60,"column":15},"end":{"line":60,"column":28}},"44":{"start":{"line":61,"column":4},"end":{"line":63,"column":5}},"45":{"start":{"line":62,"column":6},"end":{"line":62,"column":13}},"46":{"start":{"line":64,"column":4},"end":{"line":64,"column":80}},"47":{"start":{"line":67,"column":2},"end":{"line":67,"column":36}},"48":{"start":{"line":69,"column":2},"end":{"line":75,"column":5}},"49":{"start":{"line":70,"column":15},"end":{"line":70,"column":23}},"50":{"start":{"line":71,"column":4},"end":{"line":73,"column":5}},"51":{"start":{"line":72,"column":6},"end":{"line":72,"column":13}},"52":{"start":{"line":74,"column":4},"end":{"line":74,"column":51}}},"fnMap":{"0":{"name":"(anonymous_0)","decl":{"start":{"line":4,"column":19},"end":{"line":4,"column":20}},"loc":{"start":{"line":4,"column":49},"end":{"line":76,"column":1}},"line":4},"1":{"name":"(anonymous_1)","decl":{"start":{"line":14,"column":46},"end":{"line":14,"column":47}},"loc":{"start":{"line":14,"column":53},"end":{"line":19,"column":3}},"line":14},"2":{"name":"(anonymous_2)","decl":{"start":{"line":21,"column":44},"end":{"line":21,"column":45}},"loc":{"start":{"line":21,"column":50},"end":{"line":24,"column":3}},"line":21},"3":{"name":"(anonymous_3)","decl":{"start":{"line":26,"column":38},"end":{"line":26,"column":39}},"loc":{"start":{"line":26,"column":45},"end":{"line":35,"column":3}},"line":26},"4":{"name":"(anonymous_4)","decl":{"start":{"line":44,"column":37},"end":{"line":44,"column":38}},"loc":{"start":{"line":44,"column":43},"end":{"line":46,"column":3}},"line":44},"5":{"name":"(anonymous_5)","decl":{"start":{"line":59,"column":37},"end":{"line":59,"column":38}},"loc":{"start":{"line":59,"column":44},"end":{"line":65,"column":3}},"line":59},"6":{"name":"(anonymous_6)","decl":{"start":{"line":69,"column":35},"end":{"line":69,"column":36}},"loc":{"start":{"line":69,"column":42},"end":{"line":75,"column":3}},"line":69}},"branchMap":{"0":{"loc":{"start":{"line":30,"column":4},"end":{"line":34,"column":5}},"type":"if","locations":[{"start":{"line":30,"column":4},"end":{"line":34,"column":5}},{"start":{"line":32,"column":11},"end":{"line":34,"column":5}}],"line":30},"1":{"loc":{"start":{"line":49,"column":24},"end":{"line":49,"column":77}},"type":"cond-expr","locations":[{"start":{"line":49,"column":59},"end":{"line":49,"column":65}},{"start":{"line":49,"column":68},"end":{"line":49,"column":77}}],"line":49},"2":{"loc":{"start":{"line":61,"column":4},"end":{"line":63,"column":5}},"type":"if","locations":[{"start":{"line":61,"column":4},"end":{"line":63,"column":5}},{"start":{},"end":{}}],"line":61},"3":{"loc":{"start":{"line":61,"column":8},"end":{"line":61,"column":47}},"type":"binary-expr","locations":[{"start":{"line":61,"column":8},"end":{"line":61,"column":26}},{"start":{"line":61,"column":30},"end":{"line":61,"column":47}}],"line":61},"4":{"loc":{"start":{"line":71,"column":4},"end":{"line":73,"column":5}},"type":"if","locations":[{"start":{"line":71,"column":4},"end":{"line":73,"column":5}},{"start":{},"end":{}}],"line":71}},"s":{"0":1,"1":10,"2":10,"3":10,"4":10,"5":10,"6":10,"7":10,"8":10,"9":0,"10":0,"11":0,"12":0,"13":10,"14":0,"15":0,"16":10,"17":0,"18":0,"19":0,"20":0,"21":0,"22":0,"23":10,"24":10,"25":10,"26":10,"27":10,"28":10,"29":10,"30":10,"31":0,"32":10,"33":10,"34":10,"35":10,"36":10,"37":10,"38":10,"39":10,"40":10,"41":10,"42":10,"43":0,"44":0,"45":0,"46":0,"47":10,"48":10,"49":0,"50":0,"51":0,"52":0},"f":{"0":10,"1":0,"2":0,"3":0,"4":0,"5":0,"6":0},"b":{"0":[0,0],"1":[10,0],"2":[0,0],"3":[0,0],"4":[0,0]},"_coverageSchema":"1a1c01bbd47fc00a2c39e90264f33305004495a9","hash":"591ceeb421609d574f15dd45359d4bde761e01b6"}
,"C:\\Users\\HP\\Desktop\\todolist-project\\modules\\crud.js": {"path":"C:\\Users\\HP\\Desktop\\todolist-project\\modules\\crud.js","statementMap":{"0":{"start":{"line":2,"column":23},"end":{"line":6,"column":1}},"1":{"start":{"line":3,"column":2},"end":{"line":5,"column":5}},"2":{"start":{"line":4,"column":4},"end":{"line":4,"column":22}},"3":{"start":{"line":9,"column":26},"end":{"line":15,"column":1}},"4":{"start":{"line":10,"column":19},"end":{"line":10,"column":62}},"5":{"start":{"line":10,"column":47},"end":{"line":10,"column":61}},"6":{"start":{"line":11,"column":2},"end":{"line":11,"column":58}},"7":{"start":{"line":12,"column":2},"end":{"line":14,"column":3}},"8":{"start":{"line":13,"column":4},"end":{"line":13,"column":56}},"9":{"start":{"line":18,"column":26},"end":{"line":54,"column":1}},"10":{"start":{"line":26,"column":2},"end":{"line":26,"column":25}},"11":{"start":{"line":27,"column":2},"end":{"line":27,"column":16}},"12":{"start":{"line":28,"column":2},"end":{"line":28,"column":56}},"13":{"start":{"line":29,"column":2},"end":{"line":29,"column":30}},"14":{"start":{"line":30,"column":2},"end":{"line":30,"column":30}},"15":{"start":{"line":31,"column":2},"end":{"line":53,"column":5}},"16":{"start":{"line":32,"column":4},"end":{"line":32,"column":28}},"17":{"start":{"line":33,"column":4},"end":{"line":52,"column":5}},"18":{"start":{"line":34,"column":6},"end":{"line":34,"column":28}},"19":{"start":{"line":35,"column":6},"end":{"line":49,"column":7}},"20":{"start":{"line":36,"column":8},"end":{"line":36,"column":29}},"21":{"start":{"line":37,"column":8},"end":{"line":37,"column":37}},"22":{"start":{"line":38,"column":8},"end":{"line":38,"column":40}},"23":{"start":{"line":39,"column":8},"end":{"line":48,"column":11}},"24":{"start":{"line":40,"column":10},"end":{"line":40,"column":29}},"25":{"start":{"line":41,"column":10},"end":{"line":41,"column":41}},"26":{"start":{"line":42,"column":10},"end":{"line":42,"column":32}},"27":{"start":{"line":43,"column":10},"end":{"line":43,"column":34}},"28":{"start":{"line":44,"column":10},"end":{"line":44,"column":32}},"29":{"start":{"line":45,"column":10},"end":{"line":45,"column":41}},"30":{"start":{"line":46,"column":10},"end":{"line":46,"column":50}},"31":{"start":{"line":47,"column":10},"end":{"line":47,"column":68}},"32":{"start":{"line":51,"column":6},"end":{"line":51,"column":27}}},"fnMap":{"0":{"name":"(anonymous_0)","decl":{"start":{"line":2,"column":23},"end":{"line":2,"column":24}},"loc":{"start":{"line":2,"column":34},"end":{"line":6,"column":1}},"line":2},"1":{"name":"(anonymous_1)","decl":{"start":{"line":3,"column":16},"end":{"line":3,"column":17}},"loc":{"start":{"line":3,"column":31},"end":{"line":5,"column":3}},"line":3},"2":{"name":"(anonymous_2)","decl":{"start":{"line":9,"column":26},"end":{"line":9,"column":27}},"loc":{"start":{"line":9,"column":61},"end":{"line":15,"column":1}},"line":9},"3":{"name":"(anonymous_3)","decl":{"start":{"line":10,"column":37},"end":{"line":10,"column":38}},"loc":{"start":{"line":10,"column":47},"end":{"line":10,"column":61}},"line":10},"4":{"name":"(anonymous_4)","decl":{"start":{"line":18,"column":26},"end":{"line":18,"column":27}},"loc":{"start":{"line":25,"column":5},"end":{"line":54,"column":1}},"line":25},"5":{"name":"(anonymous_5)","decl":{"start":{"line":31,"column":21},"end":{"line":31,"column":22}},"loc":{"start":{"line":31,"column":31},"end":{"line":53,"column":3}},"line":31},"6":{"name":"(anonymous_6)","decl":{"start":{"line":39,"column":44},"end":{"line":39,"column":45}},"loc":{"start":{"line":39,"column":51},"end":{"line":48,"column":9}},"line":39}},"branchMap":{"0":{"loc":{"start":{"line":12,"column":2},"end":{"line":14,"column":3}},"type":"if","locations":[{"start":{"line":12,"column":2},"end":{"line":14,"column":3}},{"start":{},"end":{}}],"line":12},"1":{"loc":{"start":{"line":33,"column":4},"end":{"line":52,"column":5}},"type":"if","locations":[{"start":{"line":33,"column":4},"end":{"line":52,"column":5}},{"start":{"line":50,"column":11},"end":{"line":52,"column":5}}],"line":33},"2":{"loc":{"start":{"line":35,"column":6},"end":{"line":49,"column":7}},"type":"if","locations":[{"start":{"line":35,"column":6},"end":{"line":49,"column":7}},{"start":{},"end":{}}],"line":35}},"s":{"0":1,"1":0,"2":0,"3":1,"4":2,"5":5,"6":2,"7":2,"8":1,"9":1,"10":3,"11":3,"12":3,"13":3,"14":3,"15":3,"16":0,"17":0,"18":0,"19":0,"20":0,"21":0,"22":0,"23":0,"24":0,"25":0,"26":0,"27":0,"28":0,"29":0,"30":0,"31":0,"32":0},"f":{"0":0,"1":0,"2":2,"3":5,"4":3,"5":0,"6":0},"b":{"0":[1,1],"1":[0,0],"2":[0,0]},"_coverageSchema":"1a1c01bbd47fc00a2c39e90264f33305004495a9","hash":"8809e6bc606129a14376cb61532a1dd6265924f3"}
,"C:\\Users\\HP\\Desktop\\todolist-project\\modules\\crud2.js": {"path":"C:\\Users\\HP\\Desktop\\todolist-project\\modules\\crud2.js","statementMap":{"0":{"start":{"line":2,"column":23},"end":{"line":6,"column":1}},"1":{"start":{"line":3,"column":2},"end":{"line":5,"column":5}},"2":{"start":{"line":4,"column":4},"end":{"line":4,"column":22}},"3":{"start":{"line":9,"column":36},"end":{"line":20,"column":1}},"4":{"start":{"line":10,"column":19},"end":{"line":10,"column":71}},"5":{"start":{"line":10,"column":47},"end":{"line":10,"column":70}},"6":{"start":{"line":11,"column":2},"end":{"line":11,"column":20}},"7":{"start":{"line":12,"column":2},"end":{"line":12,"column":58}},"8":{"start":{"line":14,"column":19},"end":{"line":14,"column":39}},"9":{"start":{"line":15,"column":2},"end":{"line":19,"column":5}},"10":{"start":{"line":16,"column":4},"end":{"line":18,"column":5}},"11":{"start":{"line":17,"column":6},"end":{"line":17,"column":19}},"12":{"start":{"line":23,"column":26},"end":{"line":32,"column":1}},"13":{"start":{"line":24,"column":2},"end":{"line":24,"column":33}},"14":{"start":{"line":25,"column":2},"end":{"line":31,"column":3}},"15":{"start":{"line":26,"column":4},"end":{"line":26,"column":52}},"16":{"start":{"line":27,"column":4},"end":{"line":27,"column":26}},"17":{"start":{"line":29,"column":4},"end":{"line":29,"column":44}},"18":{"start":{"line":30,"column":4},"end":{"line":30,"column":27}},"19":{"start":{"line":36,"column":35},"end":{"line":51,"column":1}},"20":{"start":{"line":37,"column":28},"end":{"line":39,"column":3}},"21":{"start":{"line":40,"column":2},"end":{"line":50,"column":12}},"22":{"start":{"line":42,"column":18},"end":{"line":42,"column":47}},"23":{"start":{"line":43,"column":21},"end":{"line":43,"column":49}},"24":{"start":{"line":44,"column":6},"end":{"line":46,"column":7}},"25":{"start":{"line":45,"column":8},"end":{"line":45,"column":42}},"26":{"start":{"line":47,"column":6},"end":{"line":47,"column":21}}},"fnMap":{"0":{"name":"(anonymous_0)","decl":{"start":{"line":2,"column":23},"end":{"line":2,"column":24}},"loc":{"start":{"line":2,"column":34},"end":{"line":6,"column":1}},"line":2},"1":{"name":"(anonymous_1)","decl":{"start":{"line":3,"column":16},"end":{"line":3,"column":17}},"loc":{"start":{"line":3,"column":31},"end":{"line":5,"column":3}},"line":3},"2":{"name":"(anonymous_2)","decl":{"start":{"line":9,"column":36},"end":{"line":9,"column":37}},"loc":{"start":{"line":9,"column":60},"end":{"line":20,"column":1}},"line":9},"3":{"name":"(anonymous_3)","decl":{"start":{"line":10,"column":37},"end":{"line":10,"column":38}},"loc":{"start":{"line":10,"column":47},"end":{"line":10,"column":70}},"line":10},"4":{"name":"(anonymous_4)","decl":{"start":{"line":15,"column":19},"end":{"line":15,"column":20}},"loc":{"start":{"line":15,"column":28},"end":{"line":19,"column":3}},"line":15},"5":{"name":"(anonymous_5)","decl":{"start":{"line":23,"column":26},"end":{"line":23,"column":27}},"loc":{"start":{"line":23,"column":72},"end":{"line":32,"column":1}},"line":23},"6":{"name":"(anonymous_6)","decl":{"start":{"line":36,"column":35},"end":{"line":36,"column":36}},"loc":{"start":{"line":36,"column":53},"end":{"line":51,"column":1}},"line":36},"7":{"name":"(anonymous_7)","decl":{"start":{"line":41,"column":4},"end":{"line":41,"column":5}},"loc":{"start":{"line":41,"column":24},"end":{"line":48,"column":5}},"line":41}},"branchMap":{"0":{"loc":{"start":{"line":16,"column":4},"end":{"line":18,"column":5}},"type":"if","locations":[{"start":{"line":16,"column":4},"end":{"line":18,"column":5}},{"start":{},"end":{}}],"line":16},"1":{"loc":{"start":{"line":25,"column":2},"end":{"line":31,"column":3}},"type":"if","locations":[{"start":{"line":25,"column":2},"end":{"line":31,"column":3}},{"start":{"line":28,"column":9},"end":{"line":31,"column":3}}],"line":25},"2":{"loc":{"start":{"line":44,"column":6},"end":{"line":46,"column":7}},"type":"if","locations":[{"start":{"line":44,"column":6},"end":{"line":46,"column":7}},{"start":{},"end":{}}],"line":44},"3":{"loc":{"start":{"line":44,"column":10},"end":{"line":44,"column":47}},"type":"binary-expr","locations":[{"start":{"line":44,"column":10},"end":{"line":44,"column":20}},{"start":{"line":44,"column":24},"end":{"line":44,"column":47}}],"line":44}},"s":{"0":1,"1":0,"2":0,"3":1,"4":0,"5":0,"6":0,"7":0,"8":0,"9":0,"10":0,"11":0,"12":1,"13":2,"14":2,"15":2,"16":2,"17":0,"18":0,"19":1,"20":0,"21":0,"22":0,"23":0,"24":0,"25":0,"26":0},"f":{"0":0,"1":0,"2":0,"3":0,"4":0,"5":2,"6":0,"7":0},"b":{"0":[0,0],"1":[2,0],"2":[0,0],"3":[0,0]},"_coverageSchema":"1a1c01bbd47fc00a2c39e90264f33305004495a9","hash":"7a36e3309967e140db858bb296ee20cabc864823"}
}
